<?xml version="1.0" encoding="UTF-8"?>
<!-- Generated by org.testng.reporters.JUnitXMLReporter -->
<testsuite ignored="0" hostname="satyam" failures="1" tests="7" name="Test" time="38.361" errors="0" timestamp="2026-07-21T06:09:21 IST">
  <testcase classname="aTest.SignupTest" name="signupWithValidCredentials" time="10.978">
    <failure type="java.lang.AssertionError" message="expected [true] but found [false]">
      <![CDATA[java.lang.AssertionError: expected [true] but found [false]
at aTest.SignupTest.signupWithValidCredentials(SignupTest.java:37)
at java.base/java.util.ArrayList.forEach(ArrayList.java:1604)
... Removed 29 stack frames]]>
    </failure>
  </testcase> <!-- signupWithValidCredentials -->
  <testcase classname="aTest.SignupTest" name="validateExistingEmail" time="0.501"/>
  <testcase classname="aTest.SignupTest" name="validateInvalidName" time="0.893"/>
  <testcase classname="aTest.SignupTest" name="validateInvalidName" time="0.915"/>
  <testcase classname="aTest.SignupTest" name="validateInvalidName" time="0.921"/>
  <testcase classname="aTest.SignupTest" name="validateInvalidPassword" time="0.94"/>
  <testcase classname="aTest.SignupTest" name="validateInvalidPassword" time="0.854"/>
</testsuite> <!-- Test -->
