<?xml version="1.0" encoding="UTF-8"?>
<testng-results ignored="0" total="7" passed="6" failed="1" skipped="0">
  <reporter-output>
    <line>
      <![CDATA[validateExistingEmail has been passed]]>
    </line>
    <line>
      <![CDATA[validateInvalidName has been passed]]>
    </line>
    <line>
      <![CDATA[validateInvalidName has been passed]]>
    </line>
    <line>
      <![CDATA[validateInvalidName has been passed]]>
    </line>
    <line>
      <![CDATA[validateInvalidPassword has been passed]]>
    </line>
    <line>
      <![CDATA[validateInvalidPassword has been passed]]>
    </line>
  </reporter-output>
  <suite started-at="2026-07-21T06:08:43 IST" name="Suite" finished-at="2026-07-21T06:09:21 IST" duration-ms="38361">
    <groups>
    </groups>
    <test started-at="2026-07-21T06:08:43 IST" name="Test" finished-at="2026-07-21T06:09:21 IST" duration-ms="38361">
      <class name="aTest.SignupTest">
        <test-method is-config="true" signature="setUp()[pri:0, instance:aTest.SignupTest@3febb011]" started-at="2026-07-21T06:08:42 IST" name="setUp" finished-at="2026-07-21T06:08:43 IST" duration-ms="505" status="PASS">
          <reporter-output>
          </reporter-output>
        </test-method> <!-- setUp -->
        <test-method is-config="true" signature="openBrowser()[pri:0, instance:aTest.SignupTest@3febb011]" started-at="2026-07-21T06:08:43 IST" name="openBrowser" finished-at="2026-07-21T06:08:46 IST" duration-ms="3524" status="PASS">
          <reporter-output>
          </reporter-output>
        </test-method> <!-- openBrowser -->
        <test-method signature="signupWithValidCredentials(java.lang.String,java.lang.String,java.lang.String,java.lang.String,java.lang.String,java.lang.String,java.lang.String,java.lang.String,java.lang.String,java.lang.String)[pri:0, instance:aTest.SignupTest@3febb011]" started-at="2026-07-21T06:08:46 IST" name="signupWithValidCredentials" data-provider="testData" finished-at="2026-07-21T06:08:57 IST" duration-ms="10978" status="FAIL">
          <params>
            <param index="0">
              <value>
                <![CDATA[dnutoxd567@tormails.com]]>
              </value>
            </param>
            <param index="1">
              <value>
                <![CDATA[Satyam]]>
              </value>
            </param>
            <param index="2">
              <value>
                <![CDATA[sahu]]>
              </value>
            </param>
            <param index="3">
              <value>
                <![CDATA[12345678]]>
              </value>
            </param>
            <param index="4">
              <value>
                <![CDATA[12345678]]>
              </value>
            </param>
            <param index="5">
              <value>
                <![CDATA[2020]]>
              </value>
            </param>
            <param index="6">
              <value>
                <![CDATA[2024]]>
              </value>
            </param>
            <param index="7">
              <value>
                <![CDATA[Bengaluru]]>
              </value>
            </param>
            <param index="8">
              <value>
                <![CDATA[9999999999]]>
              </value>
            </param>
            <param index="9">
              <value>
                <![CDATA[profile.png]]>
              </value>
            </param>
          </params>
          <exception class="java.lang.AssertionError">
            <message>
              <![CDATA[expected [true] but found [false]]]>
            </message>
            <full-stacktrace>
              <![CDATA[java.lang.AssertionError: expected [true] but found [false]
at org.testng.Assert.fail(Assert.java:111)
at org.testng.Assert.failNotEquals(Assert.java:1578)
at org.testng.Assert.assertTrue(Assert.java:57)
at org.testng.Assert.assertTrue(Assert.java:67)
at aTest.SignupTest.signupWithValidCredentials(SignupTest.java:37)
at java.base/jdk.internal.reflect.DirectMethodHandleAccessor.invoke(DirectMethodHandleAccessor.java:104)
at java.base/java.lang.reflect.Method.invoke(Method.java:565)
at org.testng.internal.invokers.MethodInvocationHelper.invokeMethod(MethodInvocationHelper.java:141)
at org.testng.internal.invokers.TestInvoker.invokeMethod(TestInvoker.java:686)
at org.testng.internal.invokers.TestInvoker.invokeTestMethod(TestInvoker.java:230)
at org.testng.internal.invokers.MethodRunner.runInSequence(MethodRunner.java:63)
at org.testng.internal.invokers.TestInvoker$MethodInvocationAgent.invoke(TestInvoker.java:992)
at org.testng.internal.invokers.TestInvoker.invokeTestMethods(TestInvoker.java:203)
at org.testng.internal.invokers.TestMethodWorker.invokeTestMethods(TestMethodWorker.java:154)
at org.testng.internal.invokers.TestMethodWorker.run(TestMethodWorker.java:134)
at java.base/java.util.ArrayList.forEach(ArrayList.java:1604)
at org.testng.TestRunner.privateRun(TestRunner.java:739)
at org.testng.TestRunner.run(TestRunner.java:614)
at org.testng.SuiteRunner.runTest(SuiteRunner.java:421)
at org.testng.SuiteRunner.runSequentially(SuiteRunner.java:413)
at org.testng.SuiteRunner.privateRun(SuiteRunner.java:373)
at org.testng.SuiteRunner.run(SuiteRunner.java:312)
at org.testng.SuiteRunnerWorker.runSuite(SuiteRunnerWorker.java:52)
at org.testng.SuiteRunnerWorker.run(SuiteRunnerWorker.java:95)
at org.testng.TestNG.runSuitesSequentially(TestNG.java:1274)
at org.testng.TestNG.runSuitesLocally(TestNG.java:1208)
at org.testng.TestNG.runSuites(TestNG.java:1112)
at org.testng.TestNG.run(TestNG.java:1079)
at org.testng.remote.AbstractRemoteTestNG.run(AbstractRemoteTestNG.java:115)
at org.testng.remote.RemoteTestNG.initAndRun(RemoteTestNG.java:293)
at org.testng.remote.RemoteTestNG.main(RemoteTestNG.java:91)
]]>
            </full-stacktrace>
          </exception> <!-- java.lang.AssertionError -->
          <reporter-output>
          </reporter-output>
        </test-method> <!-- signupWithValidCredentials -->
        <test-method is-config="true" signature="closeBrowser()[pri:0, instance:aTest.SignupTest@3febb011]" started-at="2026-07-21T06:08:57 IST" name="closeBrowser" finished-at="2026-07-21T06:08:57 IST" duration-ms="160" status="PASS">
          <reporter-output>
          </reporter-output>
        </test-method> <!-- closeBrowser -->
        <test-method is-config="true" signature="openBrowser()[pri:0, instance:aTest.SignupTest@3febb011]" started-at="2026-07-21T06:08:57 IST" name="openBrowser" finished-at="2026-07-21T06:09:00 IST" duration-ms="2949" status="PASS">
          <reporter-output>
          </reporter-output>
        </test-method> <!-- openBrowser -->
        <test-method signature="validateExistingEmail(java.lang.String)[pri:0, instance:aTest.SignupTest@3febb011]" started-at="2026-07-21T06:09:00 IST" name="validateExistingEmail" data-provider="testData" finished-at="2026-07-21T06:09:01 IST" duration-ms="501" status="PASS">
          <params>
            <param index="0">
              <value>
                <![CDATA[xamobwu@mailto.plus]]>
              </value>
            </param>
          </params>
          <reporter-output>
            <line>
              <![CDATA[validateExistingEmail has been passed]]>
            </line>
          </reporter-output>
        </test-method> <!-- validateExistingEmail -->
        <test-method is-config="true" signature="closeBrowser()[pri:0, instance:aTest.SignupTest@3febb011]" started-at="2026-07-21T06:09:01 IST" name="closeBrowser" finished-at="2026-07-21T06:09:01 IST" duration-ms="128" status="PASS">
          <reporter-output>
          </reporter-output>
        </test-method> <!-- closeBrowser -->
        <test-method is-config="true" signature="openBrowser()[pri:0, instance:aTest.SignupTest@3febb011]" started-at="2026-07-21T06:09:01 IST" name="openBrowser" finished-at="2026-07-21T06:09:04 IST" duration-ms="3126" status="PASS">
          <reporter-output>
          </reporter-output>
        </test-method> <!-- openBrowser -->
        <test-method signature="validateInvalidName(java.lang.String,java.lang.String,java.lang.String,java.lang.String,java.lang.String)[pri:0, instance:aTest.SignupTest@3febb011]" started-at="2026-07-21T06:09:04 IST" name="validateInvalidName" data-provider="testData" finished-at="2026-07-21T06:09:05 IST" duration-ms="893" status="PASS">
          <params>
            <param index="0">
              <value>
                <![CDATA[test123@gmail.com]]>
              </value>
            </param>
            <param index="1">
              <value>
                <![CDATA[]]>
              </value>
            </param>
            <param index="2">
              <value>
                <![CDATA[sass]]>
              </value>
            </param>
            <param index="3">
              <value>
                <![CDATA[12345678]]>
              </value>
            </param>
            <param index="4">
              <value>
                <![CDATA[12345678]]>
              </value>
            </param>
          </params>
          <reporter-output>
            <line>
              <![CDATA[validateInvalidName has been passed]]>
            </line>
          </reporter-output>
        </test-method> <!-- validateInvalidName -->
        <test-method is-config="true" signature="closeBrowser()[pri:0, instance:aTest.SignupTest@3febb011]" started-at="2026-07-21T06:09:05 IST" name="closeBrowser" finished-at="2026-07-21T06:09:05 IST" duration-ms="128" status="PASS">
          <reporter-output>
          </reporter-output>
        </test-method> <!-- closeBrowser -->
        <test-method is-config="true" signature="openBrowser()[pri:0, instance:aTest.SignupTest@3febb011]" started-at="2026-07-21T06:09:05 IST" name="openBrowser" finished-at="2026-07-21T06:09:08 IST" duration-ms="3284" status="PASS">
          <reporter-output>
          </reporter-output>
        </test-method> <!-- openBrowser -->
        <test-method signature="validateInvalidName(java.lang.String,java.lang.String,java.lang.String,java.lang.String,java.lang.String)[pri:0, instance:aTest.SignupTest@3febb011]" started-at="2026-07-21T06:09:08 IST" name="validateInvalidName" data-provider="testData" finished-at="2026-07-21T06:09:09 IST" duration-ms="915" status="PASS">
          <params>
            <param index="0">
              <value>
                <![CDATA[test1234@gmail.com]]>
              </value>
            </param>
            <param index="1">
              <value>
                <![CDATA[aaaa]]>
              </value>
            </param>
            <param index="2">
              <value>
                <![CDATA[]]>
              </value>
            </param>
            <param index="3">
              <value>
                <![CDATA[12345678]]>
              </value>
            </param>
            <param index="4">
              <value>
                <![CDATA[12345678]]>
              </value>
            </param>
          </params>
          <reporter-output>
            <line>
              <![CDATA[validateInvalidName has been passed]]>
            </line>
          </reporter-output>
        </test-method> <!-- validateInvalidName -->
        <test-method is-config="true" signature="closeBrowser()[pri:0, instance:aTest.SignupTest@3febb011]" started-at="2026-07-21T06:09:09 IST" name="closeBrowser" finished-at="2026-07-21T06:09:09 IST" duration-ms="130" status="PASS">
          <reporter-output>
          </reporter-output>
        </test-method> <!-- closeBrowser -->
        <test-method is-config="true" signature="openBrowser()[pri:0, instance:aTest.SignupTest@3febb011]" started-at="2026-07-21T06:09:09 IST" name="openBrowser" finished-at="2026-07-21T06:09:13 IST" duration-ms="3255" status="PASS">
          <reporter-output>
          </reporter-output>
        </test-method> <!-- openBrowser -->
        <test-method signature="validateInvalidName(java.lang.String,java.lang.String,java.lang.String,java.lang.String,java.lang.String)[pri:0, instance:aTest.SignupTest@3febb011]" started-at="2026-07-21T06:09:13 IST" name="validateInvalidName" data-provider="testData" finished-at="2026-07-21T06:09:14 IST" duration-ms="921" status="PASS">
          <params>
            <param index="0">
              <value>
                <![CDATA[test12345@gmail.com]]>
              </value>
            </param>
            <param index="1">
              <value>
                <![CDATA[1234567]]>
              </value>
            </param>
            <param index="2">
              <value>
                <![CDATA[1234567]]>
              </value>
            </param>
            <param index="3">
              <value>
                <![CDATA[12345678]]>
              </value>
            </param>
            <param index="4">
              <value>
                <![CDATA[12345678]]>
              </value>
            </param>
          </params>
          <reporter-output>
            <line>
              <![CDATA[validateInvalidName has been passed]]>
            </line>
          </reporter-output>
        </test-method> <!-- validateInvalidName -->
        <test-method is-config="true" signature="closeBrowser()[pri:0, instance:aTest.SignupTest@3febb011]" started-at="2026-07-21T06:09:14 IST" name="closeBrowser" finished-at="2026-07-21T06:09:14 IST" duration-ms="123" status="PASS">
          <reporter-output>
          </reporter-output>
        </test-method> <!-- closeBrowser -->
        <test-method is-config="true" signature="openBrowser()[pri:0, instance:aTest.SignupTest@3febb011]" started-at="2026-07-21T06:09:14 IST" name="openBrowser" finished-at="2026-07-21T06:09:17 IST" duration-ms="3024" status="PASS">
          <reporter-output>
          </reporter-output>
        </test-method> <!-- openBrowser -->
        <test-method signature="validateInvalidPassword(java.lang.String,java.lang.String,java.lang.String,java.lang.String,java.lang.String)[pri:0, instance:aTest.SignupTest@3febb011]" started-at="2026-07-21T06:09:17 IST" name="validateInvalidPassword" data-provider="testData" finished-at="2026-07-21T06:09:18 IST" duration-ms="940" status="PASS">
          <params>
            <param index="0">
              <value>
                <![CDATA[testMail1@gmail.com]]>
              </value>
            </param>
            <param index="1">
              <value>
                <![CDATA[Satyam]]>
              </value>
            </param>
            <param index="2">
              <value>
                <![CDATA[sahu]]>
              </value>
            </param>
            <param index="3">
              <value>
                <![CDATA[]]>
              </value>
            </param>
            <param index="4">
              <value>
                <![CDATA[12345678]]>
              </value>
            </param>
          </params>
          <reporter-output>
            <line>
              <![CDATA[validateInvalidPassword has been passed]]>
            </line>
          </reporter-output>
        </test-method> <!-- validateInvalidPassword -->
        <test-method is-config="true" signature="closeBrowser()[pri:0, instance:aTest.SignupTest@3febb011]" started-at="2026-07-21T06:09:18 IST" name="closeBrowser" finished-at="2026-07-21T06:09:18 IST" duration-ms="136" status="PASS">
          <reporter-output>
          </reporter-output>
        </test-method> <!-- closeBrowser -->
        <test-method is-config="true" signature="openBrowser()[pri:0, instance:aTest.SignupTest@3febb011]" started-at="2026-07-21T06:09:18 IST" name="openBrowser" finished-at="2026-07-21T06:09:20 IST" duration-ms="2081" status="PASS">
          <reporter-output>
          </reporter-output>
        </test-method> <!-- openBrowser -->
        <test-method signature="validateInvalidPassword(java.lang.String,java.lang.String,java.lang.String,java.lang.String,java.lang.String)[pri:0, instance:aTest.SignupTest@3febb011]" started-at="2026-07-21T06:09:20 IST" name="validateInvalidPassword" data-provider="testData" finished-at="2026-07-21T06:09:21 IST" duration-ms="854" status="PASS">
          <params>
            <param index="0">
              <value>
                <![CDATA[testMail2@gmail.com]]>
              </value>
            </param>
            <param index="1">
              <value>
                <![CDATA[Satyam]]>
              </value>
            </param>
            <param index="2">
              <value>
                <![CDATA[Sahu]]>
              </value>
            </param>
            <param index="3">
              <value>
                <![CDATA[123]]>
              </value>
            </param>
            <param index="4">
              <value>
                <![CDATA[123]]>
              </value>
            </param>
          </params>
          <reporter-output>
            <line>
              <![CDATA[validateInvalidPassword has been passed]]>
            </line>
          </reporter-output>
        </test-method> <!-- validateInvalidPassword -->
        <test-method is-config="true" signature="closeBrowser()[pri:0, instance:aTest.SignupTest@3febb011]" started-at="2026-07-21T06:09:21 IST" name="closeBrowser" finished-at="2026-07-21T06:09:21 IST" duration-ms="163" status="PASS">
          <reporter-output>
          </reporter-output>
        </test-method> <!-- closeBrowser -->
      </class> <!-- aTest.SignupTest -->
    </test> <!-- Test -->
  </suite> <!-- Suite -->
</testng-results>
