<?xml version="1.0" encoding="UTF-8"?>
<!-- Generated by org.testng.reporters.JUnitReportReporter -->
<testsuite hostname="satyam" failures="1" tests="7" name="aTest.SignupTest" time="38.213" errors="0" timestamp="2026-07-21T06:09:21 IST" skipped="0">
  <testcase classname="aTest.SignupTest" name="validateInvalidName" time="4.312">
    <system-out>
      <![CDATA[validateInvalidName has been passed]]>
    </system-out>
  </testcase> <!-- validateInvalidName -->
  <testcase classname="aTest.SignupTest" name="validateInvalidPassword" time="4.266">
    <system-out>
      <![CDATA[validateInvalidPassword has been passed]]>
    </system-out>
  </testcase> <!-- validateInvalidPassword -->
  <testcase classname="aTest.SignupTest" name="validateInvalidName" time="3.965">
    <system-out>
      <![CDATA[validateInvalidName has been passed]]>
    </system-out>
  </testcase> <!-- validateInvalidName -->
  <testcase classname="aTest.SignupTest" name="validateExistingEmail" time="3.688">
    <system-out>
      <![CDATA[validateExistingEmail has been passed]]>
    </system-out>
  </testcase> <!-- validateExistingEmail -->
  <testcase classname="aTest.SignupTest" name="signupWithValidCredentials" time="14.662">
    <failure message="expected [true] but found [false]" type="java.lang.AssertionError">
      <![CDATA[java.lang.AssertionError: expected [true] but found [false]
at org.testng.Assert.fail(Assert.java:111)
at org.testng.Assert.failNotEquals(Assert.java:1578)
at org.testng.Assert.assertTrue(Assert.java:57)
at org.testng.Assert.assertTrue(Assert.java:67)
at aTest.SignupTest.signupWithValidCredentials(SignupTest.java:37)
at java.base/jdk.internal.reflect.DirectMethodHandleAccessor.invoke(DirectMethodHandleAccessor.java:104)
at java.base/java.lang.reflect.Method.invoke(Method.java:565)
at org.testng.internal.invokers.MethodInvocationHelper.invokeMethod(MethodInvocationHelper.java:141)
at org.testng.internal.invokers.TestInvoker.invokeMethod(TestInvoker.java:686)
at org.testng.internal.invokers.TestInvoker.invokeTestMethod(TestInvoker.java:230)
at org.testng.internal.invokers.MethodRunner.runInSequence(MethodRunner.java:63)
at org.testng.internal.invokers.TestInvoker$MethodInvocationAgent.invoke(TestInvoker.java:992)
at org.testng.internal.invokers.TestInvoker.invokeTestMethods(TestInvoker.java:203)
at org.testng.internal.invokers.TestMethodWorker.invokeTestMethods(TestMethodWorker.java:154)
at org.testng.internal.invokers.TestMethodWorker.run(TestMethodWorker.java:134)
at java.base/java.util.ArrayList.forEach(ArrayList.java:1604)
at org.testng.TestRunner.privateRun(TestRunner.java:739)
at org.testng.TestRunner.run(TestRunner.java:614)
at org.testng.SuiteRunner.runTest(SuiteRunner.java:421)
at org.testng.SuiteRunner.runSequentially(SuiteRunner.java:413)
at org.testng.SuiteRunner.privateRun(SuiteRunner.java:373)
at org.testng.SuiteRunner.run(SuiteRunner.java:312)
at org.testng.SuiteRunnerWorker.runSuite(SuiteRunnerWorker.java:52)
at org.testng.SuiteRunnerWorker.run(SuiteRunnerWorker.java:95)
at org.testng.TestNG.runSuitesSequentially(TestNG.java:1274)
at org.testng.TestNG.runSuitesLocally(TestNG.java:1208)
at org.testng.TestNG.runSuites(TestNG.java:1112)
at org.testng.TestNG.run(TestNG.java:1079)
at org.testng.remote.AbstractRemoteTestNG.run(AbstractRemoteTestNG.java:115)
at org.testng.remote.RemoteTestNG.initAndRun(RemoteTestNG.java:293)
at org.testng.remote.RemoteTestNG.main(RemoteTestNG.java:91)
]]>
    </failure>
  </testcase> <!-- signupWithValidCredentials -->
  <testcase classname="aTest.SignupTest" name="validateInvalidPassword" time="4.196">
    <system-out>
      <![CDATA[validateInvalidPassword has been passed]]>
    </system-out>
  </testcase> <!-- validateInvalidPassword -->
  <testcase classname="aTest.SignupTest" name="validateInvalidName" time="3.124">
    <system-out>
      <![CDATA[validateInvalidName has been passed]]>
    </system-out>
  </testcase> <!-- validateInvalidName -->
  <system-out>
    <![CDATA[validateExistingEmail has been passed
validateInvalidName has been passed
validateInvalidName has been passed
validateInvalidName has been passed
validateInvalidPassword has been passed
validateInvalidPassword has been passed]]>
  </system-out>
</testsuite> <!-- aTest.SignupTest -->
